<?xml version="1.0" encoding="UTF-8"?>
<testng-results skipped="0" failed="0" ignored="0" total="1" passed="1">
  <reporter-output>
  </reporter-output>
  <suite name="Suite" duration-ms="48" started-at="2017-03-08T18:48:17Z" finished-at="2017-03-08T18:48:18Z">
    <groups>
    </groups>
    <test name="Test" duration-ms="48" started-at="2017-03-08T18:48:17Z" finished-at="2017-03-08T18:48:18Z">
      <class name="jenkins.CI">
        <test-method status="PASS" signature="run()[pri:0, instance:jenkins.CI@46f5f779]" name="run" duration-ms="12" started-at="2017-03-09T00:18:18Z" finished-at="2017-03-09T00:18:18Z">
          <reporter-output>
          </reporter-output>
        </test-method> <!-- run -->
      </class> <!-- jenkins.CI -->
    </test> <!-- Test -->
  </suite> <!-- Suite -->
</testng-results>
